0 15.201000 SLIQVLLGA *
1 15.177791 LLIQVLLGV *
1 15.186293 QLIQVLLGV None
2 10.777288 LLIQVLLSQ None
2 11.271076 LLIQVLLVM None
2 10.315128 LLIQVLLTI *
2 11.424832 LLIQVLLLS None
2 15.017621 LLIQVLLRL None
2 10.788598 LLIQVLLSK None
3 8.581194 LLMQNLLTI None
3 5.139391 LLYQRLLTI None
3 9.428433 LLAQALLTI None
3 8.995196 LLKQFLLTI None
3 8.484557 LLQQQLLTI None
3 4.769895 LLQQLLLTI *
3 8.979073 LLAQQLLTI None
3 10.282583 LLFQQLLTI None
3 10.320309 LLFQSLLTI None
4 4.683342 QLQQLLLTI None
4 4.653854 GLQQLLLTI None
4 4.623165 ILQQLLLTI *
4 4.623165 ILQQLLLTI *
4 4.680913 VLQQLLLTI None
4 4.656594 SLQQLLLTI None
4 4.653854 GLQQLLLTI None
4 4.653854 GLQQLLLTI None
4 4.733077 ALQQLLLTI None
4 4.685118 MLQQLLLTI None
