0 15.201 SLIQVLLGA
1 15.44580152 DLIQVLLGT
1 15.34593752 VLIQVLLGL
1 15.60232618 WLIQVLLGG
1 15.308483864000001 DLIQVLLGV
1 15.359271790000001 QLIQVLLGI
1 15.177791382 LLIQVLLGV
1 15.225534225 ALIQVLLGV
1 15.34593752 VLIQVLLGL
1 15.186293388000001 QLIQVLLGV
1 15.222648407000001 WLIQVLLGV
2 15.692372800000001 LLIQVLLIL
2 15.31087926 LLIQVLLKE
2 15.8230319 LLIQVLLIH
2 10.777288 LLIQVLLSQ
2 11.2710758 LLIQVLLVM
2 15.6858211 LLIQVLLIT
2 10.315128000000001 LLIQVLLTI
2 11.424832 LLIQVLLLS
2 15.01762059 LLIQVLLRL
2 10.788597600000001 LLIQVLLSK
3 10.320309105 LLFQSLLTI
3 8.5811943 LLMQNLLTI
3 5.139391399999999 LLYQRLLTI
3 9.428432899999999 LLAQALLTI
3 8.9951958 LLKQFLLTI
3 8.4845566 LLQQQLLTI
3 13.922946399999999 LLHQSLLTI
3 4.769894999999999 LLQQLLLTI
3 8.979073 LLAQQLLTI
3 10.282582703 LLFQQLLTI
4 4.68334152 QLQQLLLTI
4 4.65385391 GLQQLLLTI
4 4.6231646699999995 ILQQLLLTI
4 4.6231646699999995 ILQQLLLTI
4 4.680912513999999 VLQQLLLTI
4 4.656593819999999 SLQQLLLTI
4 4.65385391 GLQQLLLTI
4 4.65385391 GLQQLLLTI
4 4.73307659 ALQQLLLTI
4 4.68511822 MLQQLLLTI
#Total 41
